<?xml version="1.0" encoding="UTF-8"?>
<!-- Generated by org.testng.reporters.JUnitReportReporter -->
<testsuite hostname="LAPTOP-332DR3EE" failures="0" tests="1" name="com.mystore.testcases.LoginPageTest" time="20.151" errors="0" timestamp="2024-08-12T13:00:39 IST" skipped="0">
  <testcase classname="com.mystore.testcases.LoginPageTest" name="loginTest" time="20.151"/>
</testsuite> <!-- com.mystore.testcases.LoginPageTest -->
